2013-09-07 21:02:05,529 [Worker-4] INFO  org.eclipse.jetty.server.Server - jetty-8.1.10.v20130312
2013-09-07 21:02:05,571 [Worker-4] INFO  o.e.jetty.server.AbstractConnector - Started SelectChannelConnector@0.0.0.0:48245
2013-09-07 21:21:40,718 [main] INFO  o.e.j.server.handler.ContextHandler - stopped o.e.j.s.ServletContextHandler{/,null}
2013-09-07 21:48:56,888 [Worker-1] INFO  org.eclipse.jetty.server.Server - jetty-8.1.10.v20130312
2013-09-07 21:48:56,924 [Worker-1] INFO  o.e.jetty.server.AbstractConnector - Started SelectChannelConnector@0.0.0.0:58271
2013-09-07 21:49:13,846 [qtp1518849575-43] WARN  o.e.jetty.servlet.ServletHandler - /preview/Apps/js/MockRadio.js
org.eclipse.core.runtime.AssertionFailedException: null argument:
	at org.eclipse.core.runtime.Assert.isNotNull(Assert.java:85) ~[org.eclipse.equinox.common_3.6.200.v20130402-1505.jar:na]
	at org.eclipse.core.runtime.Assert.isNotNull(Assert.java:73) ~[org.eclipse.equinox.common_3.6.200.v20130402-1505.jar:na]
	at org.eclipse.core.expressions.EvaluationContext.<init>(EvaluationContext.java:46) ~[na:na]
	at org.symbian.tools.tmw.core.internal.projects.ProjectProvider.isSupportedProject(Unknown Source) ~[na:na]
	at org.symbian.tools.tmw.core.internal.projects.ProjectsSupportManager.create(Unknown Source) ~[na:na]
	at org.symbian.tools.tmw.core.TMWCore.create(Unknown Source) ~[na:na]
	at org.symbian.tools.tmw.previewer.http.handlers.WorkspaceResourceProvider.getResourceStream(Unknown Source) ~[na:na]
	at org.symbian.tools.tmw.previewer.http.handlers.Providers.get(Unknown Source) ~[na:na]
	at org.symbian.tools.tmw.previewer.http.WorkspaceResourcesServlet.doGet(Unknown Source) ~[na:na]
	at javax.servlet.http.HttpServlet.service(HttpServlet.java:735) ~[javax.servlet_3.0.0.v201112011016.jar:na]
	at javax.servlet.http.HttpServlet.service(HttpServlet.java:848) ~[javax.servlet_3.0.0.v201112011016.jar:na]
	at org.eclipse.equinox.http.servlet.internal.ServletRegistration.service(ServletRegistration.java:61) ~[na:na]
	at org.eclipse.equinox.http.servlet.internal.ProxyServlet.processAlias(ProxyServlet.java:128) ~[na:na]
	at org.eclipse.equinox.http.servlet.internal.ProxyServlet.service(ProxyServlet.java:68) ~[na:na]
	at javax.servlet.http.HttpServlet.service(HttpServlet.java:848) ~[javax.servlet_3.0.0.v201112011016.jar:na]
	at org.eclipse.equinox.http.jetty.internal.HttpServerManager$InternalHttpServiceServlet.service(HttpServerManager.java:386) ~[org.eclipse.equinox.http.jetty_3.0.100.v20130327-1442.jar:na]
	at org.eclipse.jetty.servlet.ServletHolder.handle(ServletHolder.java:669) ~[org.eclipse.jetty.servlet_8.1.10.v20130312.jar:8.1.10.v20130312]
	at org.eclipse.jetty.servlet.ServletHandler.doHandle(ServletHandler.java:457) [org.eclipse.jetty.servlet_8.1.10.v20130312.jar:8.1.10.v20130312]
	at org.eclipse.jetty.server.session.SessionHandler.doHandle(SessionHandler.java:229) [org.eclipse.jetty.server_8.1.10.v20130312.jar:8.1.10.v20130312]
	at org.eclipse.jetty.server.handler.ContextHandler.doHandle(ContextHandler.java:1075) [org.eclipse.jetty.server_8.1.10.v20130312.jar:8.1.10.v20130312]
	at org.eclipse.jetty.servlet.ServletHandler.doScope(ServletHandler.java:384) [org.eclipse.jetty.servlet_8.1.10.v20130312.jar:8.1.10.v20130312]
	at org.eclipse.jetty.server.session.SessionHandler.doScope(SessionHandler.java:193) [org.eclipse.jetty.server_8.1.10.v20130312.jar:8.1.10.v20130312]
	at org.eclipse.jetty.server.handler.ContextHandler.doScope(ContextHandler.java:1009) [org.eclipse.jetty.server_8.1.10.v20130312.jar:8.1.10.v20130312]
	at org.eclipse.jetty.server.handler.ScopedHandler.handle(ScopedHandler.java:135) [org.eclipse.jetty.server_8.1.10.v20130312.jar:8.1.10.v20130312]
	at org.eclipse.jetty.server.handler.HandlerWrapper.handle(HandlerWrapper.java:116) [org.eclipse.jetty.server_8.1.10.v20130312.jar:8.1.10.v20130312]
	at org.eclipse.jetty.server.Server.handle(Server.java:368) [org.eclipse.jetty.server_8.1.10.v20130312.jar:8.1.10.v20130312]
	at org.eclipse.jetty.server.AbstractHttpConnection.handleRequest(AbstractHttpConnection.java:489) [org.eclipse.jetty.server_8.1.10.v20130312.jar:8.1.10.v20130312]
	at org.eclipse.jetty.server.AbstractHttpConnection.headerComplete(AbstractHttpConnection.java:942) [org.eclipse.jetty.server_8.1.10.v20130312.jar:8.1.10.v20130312]
	at org.eclipse.jetty.server.AbstractHttpConnection$RequestHandler.headerComplete(AbstractHttpConnection.java:1004) [org.eclipse.jetty.server_8.1.10.v20130312.jar:8.1.10.v20130312]
	at org.eclipse.jetty.http.HttpParser.parseNext(HttpParser.java:640) [org.eclipse.jetty.http_8.1.10.v20130312.jar:8.1.10.v20130312]
	at org.eclipse.jetty.http.HttpParser.parseAvailable(HttpParser.java:235) [org.eclipse.jetty.http_8.1.10.v20130312.jar:8.1.10.v20130312]
	at org.eclipse.jetty.server.AsyncHttpConnection.handle(AsyncHttpConnection.java:82) [org.eclipse.jetty.server_8.1.10.v20130312.jar:8.1.10.v20130312]
	at org.eclipse.jetty.io.nio.SelectChannelEndPoint.handle(SelectChannelEndPoint.java:628) [org.eclipse.jetty.io_8.1.10.v20130312.jar:8.1.10.v20130312]
	at org.eclipse.jetty.io.nio.SelectChannelEndPoint$1.run(SelectChannelEndPoint.java:52) [org.eclipse.jetty.io_8.1.10.v20130312.jar:8.1.10.v20130312]
	at org.eclipse.jetty.util.thread.QueuedThreadPool.runJob(QueuedThreadPool.java:608) [org.eclipse.jetty.util_8.1.10.v20130312.jar:8.1.10.v20130312]
	at org.eclipse.jetty.util.thread.QueuedThreadPool$3.run(QueuedThreadPool.java:543) [org.eclipse.jetty.util_8.1.10.v20130312.jar:8.1.10.v20130312]
	at java.lang.Thread.run(Unknown Source) [na:1.6.0_45]
2013-09-07 21:56:53,698 [qtp1518849575-45] WARN  o.e.jetty.servlet.ServletHandler - /preview/Apps/js/MockRadio.js
org.eclipse.core.runtime.AssertionFailedException: null argument:
	at org.eclipse.core.runtime.Assert.isNotNull(Assert.java:85) ~[org.eclipse.equinox.common_3.6.200.v20130402-1505.jar:na]
	at org.eclipse.core.runtime.Assert.isNotNull(Assert.java:73) ~[org.eclipse.equinox.common_3.6.200.v20130402-1505.jar:na]
	at org.eclipse.core.expressions.EvaluationContext.<init>(EvaluationContext.java:46) ~[na:na]
	at org.symbian.tools.tmw.core.internal.projects.ProjectProvider.isSupportedProject(Unknown Source) ~[na:na]
	at org.symbian.tools.tmw.core.internal.projects.ProjectsSupportManager.create(Unknown Source) ~[na:na]
	at org.symbian.tools.tmw.core.TMWCore.create(Unknown Source) ~[na:na]
	at org.symbian.tools.tmw.previewer.http.handlers.WorkspaceResourceProvider.getResourceStream(Unknown Source) ~[na:na]
	at org.symbian.tools.tmw.previewer.http.handlers.Providers.get(Unknown Source) ~[na:na]
	at org.symbian.tools.tmw.previewer.http.WorkspaceResourcesServlet.doGet(Unknown Source) ~[na:na]
	at javax.servlet.http.HttpServlet.service(HttpServlet.java:735) ~[javax.servlet_3.0.0.v201112011016.jar:na]
	at javax.servlet.http.HttpServlet.service(HttpServlet.java:848) ~[javax.servlet_3.0.0.v201112011016.jar:na]
	at org.eclipse.equinox.http.servlet.internal.ServletRegistration.service(ServletRegistration.java:61) ~[na:na]
	at org.eclipse.equinox.http.servlet.internal.ProxyServlet.processAlias(ProxyServlet.java:128) ~[na:na]
	at org.eclipse.equinox.http.servlet.internal.ProxyServlet.service(ProxyServlet.java:68) ~[na:na]
	at javax.servlet.http.HttpServlet.service(HttpServlet.java:848) ~[javax.servlet_3.0.0.v201112011016.jar:na]
	at org.eclipse.equinox.http.jetty.internal.HttpServerManager$InternalHttpServiceServlet.service(HttpServerManager.java:386) ~[org.eclipse.equinox.http.jetty_3.0.100.v20130327-1442.jar:na]
	at org.eclipse.jetty.servlet.ServletHolder.handle(ServletHolder.java:669) ~[org.eclipse.jetty.servlet_8.1.10.v20130312.jar:8.1.10.v20130312]
	at org.eclipse.jetty.servlet.ServletHandler.doHandle(ServletHandler.java:457) [org.eclipse.jetty.servlet_8.1.10.v20130312.jar:8.1.10.v20130312]
	at org.eclipse.jetty.server.session.SessionHandler.doHandle(SessionHandler.java:229) [org.eclipse.jetty.server_8.1.10.v20130312.jar:8.1.10.v20130312]
	at org.eclipse.jetty.server.handler.ContextHandler.doHandle(ContextHandler.java:1075) [org.eclipse.jetty.server_8.1.10.v20130312.jar:8.1.10.v20130312]
	at org.eclipse.jetty.servlet.ServletHandler.doScope(ServletHandler.java:384) [org.eclipse.jetty.servlet_8.1.10.v20130312.jar:8.1.10.v20130312]
	at org.eclipse.jetty.server.session.SessionHandler.doScope(SessionHandler.java:193) [org.eclipse.jetty.server_8.1.10.v20130312.jar:8.1.10.v20130312]
	at org.eclipse.jetty.server.handler.ContextHandler.doScope(ContextHandler.java:1009) [org.eclipse.jetty.server_8.1.10.v20130312.jar:8.1.10.v20130312]
	at org.eclipse.jetty.server.handler.ScopedHandler.handle(ScopedHandler.java:135) [org.eclipse.jetty.server_8.1.10.v20130312.jar:8.1.10.v20130312]
	at org.eclipse.jetty.server.handler.HandlerWrapper.handle(HandlerWrapper.java:116) [org.eclipse.jetty.server_8.1.10.v20130312.jar:8.1.10.v20130312]
	at org.eclipse.jetty.server.Server.handle(Server.java:368) [org.eclipse.jetty.server_8.1.10.v20130312.jar:8.1.10.v20130312]
	at org.eclipse.jetty.server.AbstractHttpConnection.handleRequest(AbstractHttpConnection.java:489) [org.eclipse.jetty.server_8.1.10.v20130312.jar:8.1.10.v20130312]
	at org.eclipse.jetty.server.AbstractHttpConnection.headerComplete(AbstractHttpConnection.java:942) [org.eclipse.jetty.server_8.1.10.v20130312.jar:8.1.10.v20130312]
	at org.eclipse.jetty.server.AbstractHttpConnection$RequestHandler.headerComplete(AbstractHttpConnection.java:1004) [org.eclipse.jetty.server_8.1.10.v20130312.jar:8.1.10.v20130312]
	at org.eclipse.jetty.http.HttpParser.parseNext(HttpParser.java:640) [org.eclipse.jetty.http_8.1.10.v20130312.jar:8.1.10.v20130312]
	at org.eclipse.jetty.http.HttpParser.parseAvailable(HttpParser.java:235) [org.eclipse.jetty.http_8.1.10.v20130312.jar:8.1.10.v20130312]
	at org.eclipse.jetty.server.AsyncHttpConnection.handle(AsyncHttpConnection.java:82) [org.eclipse.jetty.server_8.1.10.v20130312.jar:8.1.10.v20130312]
	at org.eclipse.jetty.io.nio.SelectChannelEndPoint.handle(SelectChannelEndPoint.java:628) [org.eclipse.jetty.io_8.1.10.v20130312.jar:8.1.10.v20130312]
	at org.eclipse.jetty.io.nio.SelectChannelEndPoint$1.run(SelectChannelEndPoint.java:52) [org.eclipse.jetty.io_8.1.10.v20130312.jar:8.1.10.v20130312]
	at org.eclipse.jetty.util.thread.QueuedThreadPool.runJob(QueuedThreadPool.java:608) [org.eclipse.jetty.util_8.1.10.v20130312.jar:8.1.10.v20130312]
	at org.eclipse.jetty.util.thread.QueuedThreadPool$3.run(QueuedThreadPool.java:543) [org.eclipse.jetty.util_8.1.10.v20130312.jar:8.1.10.v20130312]
	at java.lang.Thread.run(Unknown Source) [na:1.6.0_45]
2013-09-07 22:01:56,634 [qtp1518849575-43] WARN  o.e.jetty.servlet.ServletHandler - /preview/Apps/js/MockRadio.js
org.eclipse.core.runtime.AssertionFailedException: null argument:
	at org.eclipse.core.runtime.Assert.isNotNull(Assert.java:85) ~[org.eclipse.equinox.common_3.6.200.v20130402-1505.jar:na]
	at org.eclipse.core.runtime.Assert.isNotNull(Assert.java:73) ~[org.eclipse.equinox.common_3.6.200.v20130402-1505.jar:na]
	at org.eclipse.core.expressions.EvaluationContext.<init>(EvaluationContext.java:46) ~[na:na]
	at org.symbian.tools.tmw.core.internal.projects.ProjectProvider.isSupportedProject(Unknown Source) ~[na:na]
	at org.symbian.tools.tmw.core.internal.projects.ProjectsSupportManager.create(Unknown Source) ~[na:na]
	at org.symbian.tools.tmw.core.TMWCore.create(Unknown Source) ~[na:na]
	at org.symbian.tools.tmw.previewer.http.handlers.WorkspaceResourceProvider.getResourceStream(Unknown Source) ~[na:na]
	at org.symbian.tools.tmw.previewer.http.handlers.Providers.get(Unknown Source) ~[na:na]
	at org.symbian.tools.tmw.previewer.http.WorkspaceResourcesServlet.doGet(Unknown Source) ~[na:na]
	at javax.servlet.http.HttpServlet.service(HttpServlet.java:735) ~[javax.servlet_3.0.0.v201112011016.jar:na]
	at javax.servlet.http.HttpServlet.service(HttpServlet.java:848) ~[javax.servlet_3.0.0.v201112011016.jar:na]
	at org.eclipse.equinox.http.servlet.internal.ServletRegistration.service(ServletRegistration.java:61) ~[na:na]
	at org.eclipse.equinox.http.servlet.internal.ProxyServlet.processAlias(ProxyServlet.java:128) ~[na:na]
	at org.eclipse.equinox.http.servlet.internal.ProxyServlet.service(ProxyServlet.java:68) ~[na:na]
	at javax.servlet.http.HttpServlet.service(HttpServlet.java:848) ~[javax.servlet_3.0.0.v201112011016.jar:na]
	at org.eclipse.equinox.http.jetty.internal.HttpServerManager$InternalHttpServiceServlet.service(HttpServerManager.java:386) ~[org.eclipse.equinox.http.jetty_3.0.100.v20130327-1442.jar:na]
	at org.eclipse.jetty.servlet.ServletHolder.handle(ServletHolder.java:669) ~[org.eclipse.jetty.servlet_8.1.10.v20130312.jar:8.1.10.v20130312]
	at org.eclipse.jetty.servlet.ServletHandler.doHandle(ServletHandler.java:457) [org.eclipse.jetty.servlet_8.1.10.v20130312.jar:8.1.10.v20130312]
	at org.eclipse.jetty.server.session.SessionHandler.doHandle(SessionHandler.java:229) [org.eclipse.jetty.server_8.1.10.v20130312.jar:8.1.10.v20130312]
	at org.eclipse.jetty.server.handler.ContextHandler.doHandle(ContextHandler.java:1075) [org.eclipse.jetty.server_8.1.10.v20130312.jar:8.1.10.v20130312]
	at org.eclipse.jetty.servlet.ServletHandler.doScope(ServletHandler.java:384) [org.eclipse.jetty.servlet_8.1.10.v20130312.jar:8.1.10.v20130312]
	at org.eclipse.jetty.server.session.SessionHandler.doScope(SessionHandler.java:193) [org.eclipse.jetty.server_8.1.10.v20130312.jar:8.1.10.v20130312]
	at org.eclipse.jetty.server.handler.ContextHandler.doScope(ContextHandler.java:1009) [org.eclipse.jetty.server_8.1.10.v20130312.jar:8.1.10.v20130312]
	at org.eclipse.jetty.server.handler.ScopedHandler.handle(ScopedHandler.java:135) [org.eclipse.jetty.server_8.1.10.v20130312.jar:8.1.10.v20130312]
	at org.eclipse.jetty.server.handler.HandlerWrapper.handle(HandlerWrapper.java:116) [org.eclipse.jetty.server_8.1.10.v20130312.jar:8.1.10.v20130312]
	at org.eclipse.jetty.server.Server.handle(Server.java:368) [org.eclipse.jetty.server_8.1.10.v20130312.jar:8.1.10.v20130312]
	at org.eclipse.jetty.server.AbstractHttpConnection.handleRequest(AbstractHttpConnection.java:489) [org.eclipse.jetty.server_8.1.10.v20130312.jar:8.1.10.v20130312]
	at org.eclipse.jetty.server.AbstractHttpConnection.headerComplete(AbstractHttpConnection.java:942) [org.eclipse.jetty.server_8.1.10.v20130312.jar:8.1.10.v20130312]
	at org.eclipse.jetty.server.AbstractHttpConnection$RequestHandler.headerComplete(AbstractHttpConnection.java:1004) [org.eclipse.jetty.server_8.1.10.v20130312.jar:8.1.10.v20130312]
	at org.eclipse.jetty.http.HttpParser.parseNext(HttpParser.java:640) [org.eclipse.jetty.http_8.1.10.v20130312.jar:8.1.10.v20130312]
	at org.eclipse.jetty.http.HttpParser.parseAvailable(HttpParser.java:235) [org.eclipse.jetty.http_8.1.10.v20130312.jar:8.1.10.v20130312]
	at org.eclipse.jetty.server.AsyncHttpConnection.handle(AsyncHttpConnection.java:82) [org.eclipse.jetty.server_8.1.10.v20130312.jar:8.1.10.v20130312]
	at org.eclipse.jetty.io.nio.SelectChannelEndPoint.handle(SelectChannelEndPoint.java:628) [org.eclipse.jetty.io_8.1.10.v20130312.jar:8.1.10.v20130312]
	at org.eclipse.jetty.io.nio.SelectChannelEndPoint$1.run(SelectChannelEndPoint.java:52) [org.eclipse.jetty.io_8.1.10.v20130312.jar:8.1.10.v20130312]
	at org.eclipse.jetty.util.thread.QueuedThreadPool.runJob(QueuedThreadPool.java:608) [org.eclipse.jetty.util_8.1.10.v20130312.jar:8.1.10.v20130312]
	at org.eclipse.jetty.util.thread.QueuedThreadPool$3.run(QueuedThreadPool.java:543) [org.eclipse.jetty.util_8.1.10.v20130312.jar:8.1.10.v20130312]
	at java.lang.Thread.run(Unknown Source) [na:1.6.0_45]
2013-09-07 22:35:27,000 [qtp1518849575-47] WARN  o.e.jetty.servlet.ServletHandler - /preview/Apps/js/MockRadio.js
org.eclipse.core.runtime.AssertionFailedException: null argument:
	at org.eclipse.core.runtime.Assert.isNotNull(Assert.java:85) ~[org.eclipse.equinox.common_3.6.200.v20130402-1505.jar:na]
	at org.eclipse.core.runtime.Assert.isNotNull(Assert.java:73) ~[org.eclipse.equinox.common_3.6.200.v20130402-1505.jar:na]
	at org.eclipse.core.expressions.EvaluationContext.<init>(EvaluationContext.java:46) ~[na:na]
	at org.symbian.tools.tmw.core.internal.projects.ProjectProvider.isSupportedProject(Unknown Source) ~[na:na]
	at org.symbian.tools.tmw.core.internal.projects.ProjectsSupportManager.create(Unknown Source) ~[na:na]
	at org.symbian.tools.tmw.core.TMWCore.create(Unknown Source) ~[na:na]
	at org.symbian.tools.tmw.previewer.http.handlers.WorkspaceResourceProvider.getResourceStream(Unknown Source) ~[na:na]
	at org.symbian.tools.tmw.previewer.http.handlers.Providers.get(Unknown Source) ~[na:na]
	at org.symbian.tools.tmw.previewer.http.WorkspaceResourcesServlet.doGet(Unknown Source) ~[na:na]
	at javax.servlet.http.HttpServlet.service(HttpServlet.java:735) ~[javax.servlet_3.0.0.v201112011016.jar:na]
	at javax.servlet.http.HttpServlet.service(HttpServlet.java:848) ~[javax.servlet_3.0.0.v201112011016.jar:na]
	at org.eclipse.equinox.http.servlet.internal.ServletRegistration.service(ServletRegistration.java:61) ~[na:na]
	at org.eclipse.equinox.http.servlet.internal.ProxyServlet.processAlias(ProxyServlet.java:128) ~[na:na]
	at org.eclipse.equinox.http.servlet.internal.ProxyServlet.service(ProxyServlet.java:68) ~[na:na]
	at javax.servlet.http.HttpServlet.service(HttpServlet.java:848) ~[javax.servlet_3.0.0.v201112011016.jar:na]
	at org.eclipse.equinox.http.jetty.internal.HttpServerManager$InternalHttpServiceServlet.service(HttpServerManager.java:386) ~[org.eclipse.equinox.http.jetty_3.0.100.v20130327-1442.jar:na]
	at org.eclipse.jetty.servlet.ServletHolder.handle(ServletHolder.java:669) ~[org.eclipse.jetty.servlet_8.1.10.v20130312.jar:8.1.10.v20130312]
	at org.eclipse.jetty.servlet.ServletHandler.doHandle(ServletHandler.java:457) [org.eclipse.jetty.servlet_8.1.10.v20130312.jar:8.1.10.v20130312]
	at org.eclipse.jetty.server.session.SessionHandler.doHandle(SessionHandler.java:229) [org.eclipse.jetty.server_8.1.10.v20130312.jar:8.1.10.v20130312]
	at org.eclipse.jetty.server.handler.ContextHandler.doHandle(ContextHandler.java:1075) [org.eclipse.jetty.server_8.1.10.v20130312.jar:8.1.10.v20130312]
	at org.eclipse.jetty.servlet.ServletHandler.doScope(ServletHandler.java:384) [org.eclipse.jetty.servlet_8.1.10.v20130312.jar:8.1.10.v20130312]
	at org.eclipse.jetty.server.session.SessionHandler.doScope(SessionHandler.java:193) [org.eclipse.jetty.server_8.1.10.v20130312.jar:8.1.10.v20130312]
	at org.eclipse.jetty.server.handler.ContextHandler.doScope(ContextHandler.java:1009) [org.eclipse.jetty.server_8.1.10.v20130312.jar:8.1.10.v20130312]
	at org.eclipse.jetty.server.handler.ScopedHandler.handle(ScopedHandler.java:135) [org.eclipse.jetty.server_8.1.10.v20130312.jar:8.1.10.v20130312]
	at org.eclipse.jetty.server.handler.HandlerWrapper.handle(HandlerWrapper.java:116) [org.eclipse.jetty.server_8.1.10.v20130312.jar:8.1.10.v20130312]
	at org.eclipse.jetty.server.Server.handle(Server.java:368) [org.eclipse.jetty.server_8.1.10.v20130312.jar:8.1.10.v20130312]
	at org.eclipse.jetty.server.AbstractHttpConnection.handleRequest(AbstractHttpConnection.java:489) [org.eclipse.jetty.server_8.1.10.v20130312.jar:8.1.10.v20130312]
	at org.eclipse.jetty.server.AbstractHttpConnection.headerComplete(AbstractHttpConnection.java:942) [org.eclipse.jetty.server_8.1.10.v20130312.jar:8.1.10.v20130312]
	at org.eclipse.jetty.server.AbstractHttpConnection$RequestHandler.headerComplete(AbstractHttpConnection.java:1004) [org.eclipse.jetty.server_8.1.10.v20130312.jar:8.1.10.v20130312]
	at org.eclipse.jetty.http.HttpParser.parseNext(HttpParser.java:640) [org.eclipse.jetty.http_8.1.10.v20130312.jar:8.1.10.v20130312]
	at org.eclipse.jetty.http.HttpParser.parseAvailable(HttpParser.java:235) [org.eclipse.jetty.http_8.1.10.v20130312.jar:8.1.10.v20130312]
	at org.eclipse.jetty.server.AsyncHttpConnection.handle(AsyncHttpConnection.java:82) [org.eclipse.jetty.server_8.1.10.v20130312.jar:8.1.10.v20130312]
	at org.eclipse.jetty.io.nio.SelectChannelEndPoint.handle(SelectChannelEndPoint.java:628) [org.eclipse.jetty.io_8.1.10.v20130312.jar:8.1.10.v20130312]
	at org.eclipse.jetty.io.nio.SelectChannelEndPoint$1.run(SelectChannelEndPoint.java:52) [org.eclipse.jetty.io_8.1.10.v20130312.jar:8.1.10.v20130312]
	at org.eclipse.jetty.util.thread.QueuedThreadPool.runJob(QueuedThreadPool.java:608) [org.eclipse.jetty.util_8.1.10.v20130312.jar:8.1.10.v20130312]
	at org.eclipse.jetty.util.thread.QueuedThreadPool$3.run(QueuedThreadPool.java:543) [org.eclipse.jetty.util_8.1.10.v20130312.jar:8.1.10.v20130312]
	at java.lang.Thread.run(Unknown Source) [na:1.6.0_45]
2013-09-07 22:36:33,508 [qtp1518849575-42] WARN  o.e.jetty.servlet.ServletHandler - /preview/Apps/js/MockRadio.js
org.eclipse.core.runtime.AssertionFailedException: null argument:
	at org.eclipse.core.runtime.Assert.isNotNull(Assert.java:85) ~[org.eclipse.equinox.common_3.6.200.v20130402-1505.jar:na]
	at org.eclipse.core.runtime.Assert.isNotNull(Assert.java:73) ~[org.eclipse.equinox.common_3.6.200.v20130402-1505.jar:na]
	at org.eclipse.core.expressions.EvaluationContext.<init>(EvaluationContext.java:46) ~[na:na]
	at org.symbian.tools.tmw.core.internal.projects.ProjectProvider.isSupportedProject(Unknown Source) ~[na:na]
	at org.symbian.tools.tmw.core.internal.projects.ProjectsSupportManager.create(Unknown Source) ~[na:na]
	at org.symbian.tools.tmw.core.TMWCore.create(Unknown Source) ~[na:na]
	at org.symbian.tools.tmw.previewer.http.handlers.WorkspaceResourceProvider.getResourceStream(Unknown Source) ~[na:na]
	at org.symbian.tools.tmw.previewer.http.handlers.Providers.get(Unknown Source) ~[na:na]
	at org.symbian.tools.tmw.previewer.http.WorkspaceResourcesServlet.doGet(Unknown Source) ~[na:na]
	at javax.servlet.http.HttpServlet.service(HttpServlet.java:735) ~[javax.servlet_3.0.0.v201112011016.jar:na]
	at javax.servlet.http.HttpServlet.service(HttpServlet.java:848) ~[javax.servlet_3.0.0.v201112011016.jar:na]
	at org.eclipse.equinox.http.servlet.internal.ServletRegistration.service(ServletRegistration.java:61) ~[na:na]
	at org.eclipse.equinox.http.servlet.internal.ProxyServlet.processAlias(ProxyServlet.java:128) ~[na:na]
	at org.eclipse.equinox.http.servlet.internal.ProxyServlet.service(ProxyServlet.java:68) ~[na:na]
	at javax.servlet.http.HttpServlet.service(HttpServlet.java:848) ~[javax.servlet_3.0.0.v201112011016.jar:na]
	at org.eclipse.equinox.http.jetty.internal.HttpServerManager$InternalHttpServiceServlet.service(HttpServerManager.java:386) ~[org.eclipse.equinox.http.jetty_3.0.100.v20130327-1442.jar:na]
	at org.eclipse.jetty.servlet.ServletHolder.handle(ServletHolder.java:669) ~[org.eclipse.jetty.servlet_8.1.10.v20130312.jar:8.1.10.v20130312]
	at org.eclipse.jetty.servlet.ServletHandler.doHandle(ServletHandler.java:457) [org.eclipse.jetty.servlet_8.1.10.v20130312.jar:8.1.10.v20130312]
	at org.eclipse.jetty.server.session.SessionHandler.doHandle(SessionHandler.java:229) [org.eclipse.jetty.server_8.1.10.v20130312.jar:8.1.10.v20130312]
	at org.eclipse.jetty.server.handler.ContextHandler.doHandle(ContextHandler.java:1075) [org.eclipse.jetty.server_8.1.10.v20130312.jar:8.1.10.v20130312]
	at org.eclipse.jetty.servlet.ServletHandler.doScope(ServletHandler.java:384) [org.eclipse.jetty.servlet_8.1.10.v20130312.jar:8.1.10.v20130312]
	at org.eclipse.jetty.server.session.SessionHandler.doScope(SessionHandler.java:193) [org.eclipse.jetty.server_8.1.10.v20130312.jar:8.1.10.v20130312]
	at org.eclipse.jetty.server.handler.ContextHandler.doScope(ContextHandler.java:1009) [org.eclipse.jetty.server_8.1.10.v20130312.jar:8.1.10.v20130312]
	at org.eclipse.jetty.server.handler.ScopedHandler.handle(ScopedHandler.java:135) [org.eclipse.jetty.server_8.1.10.v20130312.jar:8.1.10.v20130312]
	at org.eclipse.jetty.server.handler.HandlerWrapper.handle(HandlerWrapper.java:116) [org.eclipse.jetty.server_8.1.10.v20130312.jar:8.1.10.v20130312]
	at org.eclipse.jetty.server.Server.handle(Server.java:368) [org.eclipse.jetty.server_8.1.10.v20130312.jar:8.1.10.v20130312]
	at org.eclipse.jetty.server.AbstractHttpConnection.handleRequest(AbstractHttpConnection.java:489) [org.eclipse.jetty.server_8.1.10.v20130312.jar:8.1.10.v20130312]
	at org.eclipse.jetty.server.AbstractHttpConnection.headerComplete(AbstractHttpConnection.java:942) [org.eclipse.jetty.server_8.1.10.v20130312.jar:8.1.10.v20130312]
	at org.eclipse.jetty.server.AbstractHttpConnection$RequestHandler.headerComplete(AbstractHttpConnection.java:1004) [org.eclipse.jetty.server_8.1.10.v20130312.jar:8.1.10.v20130312]
	at org.eclipse.jetty.http.HttpParser.parseNext(HttpParser.java:640) [org.eclipse.jetty.http_8.1.10.v20130312.jar:8.1.10.v20130312]
	at org.eclipse.jetty.http.HttpParser.parseAvailable(HttpParser.java:235) [org.eclipse.jetty.http_8.1.10.v20130312.jar:8.1.10.v20130312]
	at org.eclipse.jetty.server.AsyncHttpConnection.handle(AsyncHttpConnection.java:82) [org.eclipse.jetty.server_8.1.10.v20130312.jar:8.1.10.v20130312]
	at org.eclipse.jetty.io.nio.SelectChannelEndPoint.handle(SelectChannelEndPoint.java:628) [org.eclipse.jetty.io_8.1.10.v20130312.jar:8.1.10.v20130312]
	at org.eclipse.jetty.io.nio.SelectChannelEndPoint$1.run(SelectChannelEndPoint.java:52) [org.eclipse.jetty.io_8.1.10.v20130312.jar:8.1.10.v20130312]
	at org.eclipse.jetty.util.thread.QueuedThreadPool.runJob(QueuedThreadPool.java:608) [org.eclipse.jetty.util_8.1.10.v20130312.jar:8.1.10.v20130312]
	at org.eclipse.jetty.util.thread.QueuedThreadPool$3.run(QueuedThreadPool.java:543) [org.eclipse.jetty.util_8.1.10.v20130312.jar:8.1.10.v20130312]
	at java.lang.Thread.run(Unknown Source) [na:1.6.0_45]
2013-09-07 22:39:04,921 [qtp1518849575-44] WARN  o.e.jetty.servlet.ServletHandler - /preview/Apps/js/MockRadio.js
org.eclipse.core.runtime.AssertionFailedException: null argument:
	at org.eclipse.core.runtime.Assert.isNotNull(Assert.java:85) ~[org.eclipse.equinox.common_3.6.200.v20130402-1505.jar:na]
	at org.eclipse.core.runtime.Assert.isNotNull(Assert.java:73) ~[org.eclipse.equinox.common_3.6.200.v20130402-1505.jar:na]
	at org.eclipse.core.expressions.EvaluationContext.<init>(EvaluationContext.java:46) ~[na:na]
	at org.symbian.tools.tmw.core.internal.projects.ProjectProvider.isSupportedProject(Unknown Source) ~[na:na]
	at org.symbian.tools.tmw.core.internal.projects.ProjectsSupportManager.create(Unknown Source) ~[na:na]
	at org.symbian.tools.tmw.core.TMWCore.create(Unknown Source) ~[na:na]
	at org.symbian.tools.tmw.previewer.http.handlers.WorkspaceResourceProvider.getResourceStream(Unknown Source) ~[na:na]
	at org.symbian.tools.tmw.previewer.http.handlers.Providers.get(Unknown Source) ~[na:na]
	at org.symbian.tools.tmw.previewer.http.WorkspaceResourcesServlet.doGet(Unknown Source) ~[na:na]
	at javax.servlet.http.HttpServlet.service(HttpServlet.java:735) ~[javax.servlet_3.0.0.v201112011016.jar:na]
	at javax.servlet.http.HttpServlet.service(HttpServlet.java:848) ~[javax.servlet_3.0.0.v201112011016.jar:na]
	at org.eclipse.equinox.http.servlet.internal.ServletRegistration.service(ServletRegistration.java:61) ~[na:na]
	at org.eclipse.equinox.http.servlet.internal.ProxyServlet.processAlias(ProxyServlet.java:128) ~[na:na]
	at org.eclipse.equinox.http.servlet.internal.ProxyServlet.service(ProxyServlet.java:68) ~[na:na]
	at javax.servlet.http.HttpServlet.service(HttpServlet.java:848) ~[javax.servlet_3.0.0.v201112011016.jar:na]
	at org.eclipse.equinox.http.jetty.internal.HttpServerManager$InternalHttpServiceServlet.service(HttpServerManager.java:386) ~[org.eclipse.equinox.http.jetty_3.0.100.v20130327-1442.jar:na]
	at org.eclipse.jetty.servlet.ServletHolder.handle(ServletHolder.java:669) ~[org.eclipse.jetty.servlet_8.1.10.v20130312.jar:8.1.10.v20130312]
	at org.eclipse.jetty.servlet.ServletHandler.doHandle(ServletHandler.java:457) [org.eclipse.jetty.servlet_8.1.10.v20130312.jar:8.1.10.v20130312]
	at org.eclipse.jetty.server.session.SessionHandler.doHandle(SessionHandler.java:229) [org.eclipse.jetty.server_8.1.10.v20130312.jar:8.1.10.v20130312]
	at org.eclipse.jetty.server.handler.ContextHandler.doHandle(ContextHandler.java:1075) [org.eclipse.jetty.server_8.1.10.v20130312.jar:8.1.10.v20130312]
	at org.eclipse.jetty.servlet.ServletHandler.doScope(ServletHandler.java:384) [org.eclipse.jetty.servlet_8.1.10.v20130312.jar:8.1.10.v20130312]
	at org.eclipse.jetty.server.session.SessionHandler.doScope(SessionHandler.java:193) [org.eclipse.jetty.server_8.1.10.v20130312.jar:8.1.10.v20130312]
	at org.eclipse.jetty.server.handler.ContextHandler.doScope(ContextHandler.java:1009) [org.eclipse.jetty.server_8.1.10.v20130312.jar:8.1.10.v20130312]
	at org.eclipse.jetty.server.handler.ScopedHandler.handle(ScopedHandler.java:135) [org.eclipse.jetty.server_8.1.10.v20130312.jar:8.1.10.v20130312]
	at org.eclipse.jetty.server.handler.HandlerWrapper.handle(HandlerWrapper.java:116) [org.eclipse.jetty.server_8.1.10.v20130312.jar:8.1.10.v20130312]
	at org.eclipse.jetty.server.Server.handle(Server.java:368) [org.eclipse.jetty.server_8.1.10.v20130312.jar:8.1.10.v20130312]
	at org.eclipse.jetty.server.AbstractHttpConnection.handleRequest(AbstractHttpConnection.java:489) [org.eclipse.jetty.server_8.1.10.v20130312.jar:8.1.10.v20130312]
	at org.eclipse.jetty.server.AbstractHttpConnection.headerComplete(AbstractHttpConnection.java:942) [org.eclipse.jetty.server_8.1.10.v20130312.jar:8.1.10.v20130312]
	at org.eclipse.jetty.server.AbstractHttpConnection$RequestHandler.headerComplete(AbstractHttpConnection.java:1004) [org.eclipse.jetty.server_8.1.10.v20130312.jar:8.1.10.v20130312]
	at org.eclipse.jetty.http.HttpParser.parseNext(HttpParser.java:640) [org.eclipse.jetty.http_8.1.10.v20130312.jar:8.1.10.v20130312]
	at org.eclipse.jetty.http.HttpParser.parseAvailable(HttpParser.java:235) [org.eclipse.jetty.http_8.1.10.v20130312.jar:8.1.10.v20130312]
	at org.eclipse.jetty.server.AsyncHttpConnection.handle(AsyncHttpConnection.java:82) [org.eclipse.jetty.server_8.1.10.v20130312.jar:8.1.10.v20130312]
	at org.eclipse.jetty.io.nio.SelectChannelEndPoint.handle(SelectChannelEndPoint.java:628) [org.eclipse.jetty.io_8.1.10.v20130312.jar:8.1.10.v20130312]
	at org.eclipse.jetty.io.nio.SelectChannelEndPoint$1.run(SelectChannelEndPoint.java:52) [org.eclipse.jetty.io_8.1.10.v20130312.jar:8.1.10.v20130312]
	at org.eclipse.jetty.util.thread.QueuedThreadPool.runJob(QueuedThreadPool.java:608) [org.eclipse.jetty.util_8.1.10.v20130312.jar:8.1.10.v20130312]
	at org.eclipse.jetty.util.thread.QueuedThreadPool$3.run(QueuedThreadPool.java:543) [org.eclipse.jetty.util_8.1.10.v20130312.jar:8.1.10.v20130312]
	at java.lang.Thread.run(Unknown Source) [na:1.6.0_45]
2013-09-08 00:31:15,600 [qtp1518849575-43] WARN  o.e.jetty.servlet.ServletHandler - /preview/Apps/js/MockRadio.js
org.eclipse.core.runtime.AssertionFailedException: null argument:
	at org.eclipse.core.runtime.Assert.isNotNull(Assert.java:85) ~[org.eclipse.equinox.common_3.6.200.v20130402-1505.jar:na]
	at org.eclipse.core.runtime.Assert.isNotNull(Assert.java:73) ~[org.eclipse.equinox.common_3.6.200.v20130402-1505.jar:na]
	at org.eclipse.core.expressions.EvaluationContext.<init>(EvaluationContext.java:46) ~[na:na]
	at org.symbian.tools.tmw.core.internal.projects.ProjectProvider.isSupportedProject(Unknown Source) ~[na:na]
	at org.symbian.tools.tmw.core.internal.projects.ProjectsSupportManager.create(Unknown Source) ~[na:na]
	at org.symbian.tools.tmw.core.TMWCore.create(Unknown Source) ~[na:na]
	at org.symbian.tools.tmw.previewer.http.handlers.WorkspaceResourceProvider.getResourceStream(Unknown Source) ~[na:na]
	at org.symbian.tools.tmw.previewer.http.handlers.Providers.get(Unknown Source) ~[na:na]
	at org.symbian.tools.tmw.previewer.http.WorkspaceResourcesServlet.doGet(Unknown Source) ~[na:na]
	at javax.servlet.http.HttpServlet.service(HttpServlet.java:735) ~[javax.servlet_3.0.0.v201112011016.jar:na]
	at javax.servlet.http.HttpServlet.service(HttpServlet.java:848) ~[javax.servlet_3.0.0.v201112011016.jar:na]
	at org.eclipse.equinox.http.servlet.internal.ServletRegistration.service(ServletRegistration.java:61) ~[na:na]
	at org.eclipse.equinox.http.servlet.internal.ProxyServlet.processAlias(ProxyServlet.java:128) ~[na:na]
	at org.eclipse.equinox.http.servlet.internal.ProxyServlet.service(ProxyServlet.java:68) ~[na:na]
	at javax.servlet.http.HttpServlet.service(HttpServlet.java:848) ~[javax.servlet_3.0.0.v201112011016.jar:na]
	at org.eclipse.equinox.http.jetty.internal.HttpServerManager$InternalHttpServiceServlet.service(HttpServerManager.java:386) ~[org.eclipse.equinox.http.jetty_3.0.100.v20130327-1442.jar:na]
	at org.eclipse.jetty.servlet.ServletHolder.handle(ServletHolder.java:669) ~[org.eclipse.jetty.servlet_8.1.10.v20130312.jar:8.1.10.v20130312]
	at org.eclipse.jetty.servlet.ServletHandler.doHandle(ServletHandler.java:457) [org.eclipse.jetty.servlet_8.1.10.v20130312.jar:8.1.10.v20130312]
	at org.eclipse.jetty.server.session.SessionHandler.doHandle(SessionHandler.java:229) [org.eclipse.jetty.server_8.1.10.v20130312.jar:8.1.10.v20130312]
	at org.eclipse.jetty.server.handler.ContextHandler.doHandle(ContextHandler.java:1075) [org.eclipse.jetty.server_8.1.10.v20130312.jar:8.1.10.v20130312]
	at org.eclipse.jetty.servlet.ServletHandler.doScope(ServletHandler.java:384) [org.eclipse.jetty.servlet_8.1.10.v20130312.jar:8.1.10.v20130312]
	at org.eclipse.jetty.server.session.SessionHandler.doScope(SessionHandler.java:193) [org.eclipse.jetty.server_8.1.10.v20130312.jar:8.1.10.v20130312]
	at org.eclipse.jetty.server.handler.ContextHandler.doScope(ContextHandler.java:1009) [org.eclipse.jetty.server_8.1.10.v20130312.jar:8.1.10.v20130312]
	at org.eclipse.jetty.server.handler.ScopedHandler.handle(ScopedHandler.java:135) [org.eclipse.jetty.server_8.1.10.v20130312.jar:8.1.10.v20130312]
	at org.eclipse.jetty.server.handler.HandlerWrapper.handle(HandlerWrapper.java:116) [org.eclipse.jetty.server_8.1.10.v20130312.jar:8.1.10.v20130312]
	at org.eclipse.jetty.server.Server.handle(Server.java:368) [org.eclipse.jetty.server_8.1.10.v20130312.jar:8.1.10.v20130312]
	at org.eclipse.jetty.server.AbstractHttpConnection.handleRequest(AbstractHttpConnection.java:489) [org.eclipse.jetty.server_8.1.10.v20130312.jar:8.1.10.v20130312]
	at org.eclipse.jetty.server.AbstractHttpConnection.headerComplete(AbstractHttpConnection.java:942) [org.eclipse.jetty.server_8.1.10.v20130312.jar:8.1.10.v20130312]
	at org.eclipse.jetty.server.AbstractHttpConnection$RequestHandler.headerComplete(AbstractHttpConnection.java:1004) [org.eclipse.jetty.server_8.1.10.v20130312.jar:8.1.10.v20130312]
	at org.eclipse.jetty.http.HttpParser.parseNext(HttpParser.java:640) [org.eclipse.jetty.http_8.1.10.v20130312.jar:8.1.10.v20130312]
	at org.eclipse.jetty.http.HttpParser.parseAvailable(HttpParser.java:235) [org.eclipse.jetty.http_8.1.10.v20130312.jar:8.1.10.v20130312]
	at org.eclipse.jetty.server.AsyncHttpConnection.handle(AsyncHttpConnection.java:82) [org.eclipse.jetty.server_8.1.10.v20130312.jar:8.1.10.v20130312]
	at org.eclipse.jetty.io.nio.SelectChannelEndPoint.handle(SelectChannelEndPoint.java:628) [org.eclipse.jetty.io_8.1.10.v20130312.jar:8.1.10.v20130312]
	at org.eclipse.jetty.io.nio.SelectChannelEndPoint$1.run(SelectChannelEndPoint.java:52) [org.eclipse.jetty.io_8.1.10.v20130312.jar:8.1.10.v20130312]
	at org.eclipse.jetty.util.thread.QueuedThreadPool.runJob(QueuedThreadPool.java:608) [org.eclipse.jetty.util_8.1.10.v20130312.jar:8.1.10.v20130312]
	at org.eclipse.jetty.util.thread.QueuedThreadPool$3.run(QueuedThreadPool.java:543) [org.eclipse.jetty.util_8.1.10.v20130312.jar:8.1.10.v20130312]
	at java.lang.Thread.run(Unknown Source) [na:1.6.0_45]
2013-09-08 00:59:20,979 [Worker-6] INFO  org.eclipse.jetty.server.Server - jetty-8.1.10.v20130312
2013-09-08 00:59:21,020 [Worker-6] INFO  o.e.jetty.server.AbstractConnector - Started SelectChannelConnector@0.0.0.0:39047
2013-09-08 00:59:24,384 [qtp1787615472-46] WARN  o.e.jetty.servlet.ServletHandler - /preview/Apps/js/MockRadio.js
org.eclipse.core.runtime.AssertionFailedException: null argument:
	at org.eclipse.core.runtime.Assert.isNotNull(Assert.java:85) ~[org.eclipse.equinox.common_3.6.200.v20130402-1505.jar:na]
	at org.eclipse.core.runtime.Assert.isNotNull(Assert.java:73) ~[org.eclipse.equinox.common_3.6.200.v20130402-1505.jar:na]
	at org.eclipse.core.expressions.EvaluationContext.<init>(EvaluationContext.java:46) ~[na:na]
	at org.symbian.tools.tmw.core.internal.projects.ProjectProvider.isSupportedProject(Unknown Source) ~[na:na]
	at org.symbian.tools.tmw.core.internal.projects.ProjectsSupportManager.create(Unknown Source) ~[na:na]
	at org.symbian.tools.tmw.core.TMWCore.create(Unknown Source) ~[na:na]
	at org.symbian.tools.tmw.previewer.http.handlers.WorkspaceResourceProvider.getResourceStream(Unknown Source) ~[na:na]
	at org.symbian.tools.tmw.previewer.http.handlers.Providers.get(Unknown Source) ~[na:na]
	at org.symbian.tools.tmw.previewer.http.WorkspaceResourcesServlet.doGet(Unknown Source) ~[na:na]
	at javax.servlet.http.HttpServlet.service(HttpServlet.java:735) ~[javax.servlet_3.0.0.v201112011016.jar:na]
	at javax.servlet.http.HttpServlet.service(HttpServlet.java:848) ~[javax.servlet_3.0.0.v201112011016.jar:na]
	at org.eclipse.equinox.http.servlet.internal.ServletRegistration.service(ServletRegistration.java:61) ~[na:na]
	at org.eclipse.equinox.http.servlet.internal.ProxyServlet.processAlias(ProxyServlet.java:128) ~[na:na]
	at org.eclipse.equinox.http.servlet.internal.ProxyServlet.service(ProxyServlet.java:68) ~[na:na]
	at javax.servlet.http.HttpServlet.service(HttpServlet.java:848) ~[javax.servlet_3.0.0.v201112011016.jar:na]
	at org.eclipse.equinox.http.jetty.internal.HttpServerManager$InternalHttpServiceServlet.service(HttpServerManager.java:386) ~[org.eclipse.equinox.http.jetty_3.0.100.v20130327-1442.jar:na]
	at org.eclipse.jetty.servlet.ServletHolder.handle(ServletHolder.java:669) ~[org.eclipse.jetty.servlet_8.1.10.v20130312.jar:8.1.10.v20130312]
	at org.eclipse.jetty.servlet.ServletHandler.doHandle(ServletHandler.java:457) [org.eclipse.jetty.servlet_8.1.10.v20130312.jar:8.1.10.v20130312]
	at org.eclipse.jetty.server.session.SessionHandler.doHandle(SessionHandler.java:229) [org.eclipse.jetty.server_8.1.10.v20130312.jar:8.1.10.v20130312]
	at org.eclipse.jetty.server.handler.ContextHandler.doHandle(ContextHandler.java:1075) [org.eclipse.jetty.server_8.1.10.v20130312.jar:8.1.10.v20130312]
	at org.eclipse.jetty.servlet.ServletHandler.doScope(ServletHandler.java:384) [org.eclipse.jetty.servlet_8.1.10.v20130312.jar:8.1.10.v20130312]
	at org.eclipse.jetty.server.session.SessionHandler.doScope(SessionHandler.java:193) [org.eclipse.jetty.server_8.1.10.v20130312.jar:8.1.10.v20130312]
	at org.eclipse.jetty.server.handler.ContextHandler.doScope(ContextHandler.java:1009) [org.eclipse.jetty.server_8.1.10.v20130312.jar:8.1.10.v20130312]
	at org.eclipse.jetty.server.handler.ScopedHandler.handle(ScopedHandler.java:135) [org.eclipse.jetty.server_8.1.10.v20130312.jar:8.1.10.v20130312]
	at org.eclipse.jetty.server.handler.HandlerWrapper.handle(HandlerWrapper.java:116) [org.eclipse.jetty.server_8.1.10.v20130312.jar:8.1.10.v20130312]
	at org.eclipse.jetty.server.Server.handle(Server.java:368) [org.eclipse.jetty.server_8.1.10.v20130312.jar:8.1.10.v20130312]
	at org.eclipse.jetty.server.AbstractHttpConnection.handleRequest(AbstractHttpConnection.java:489) [org.eclipse.jetty.server_8.1.10.v20130312.jar:8.1.10.v20130312]
	at org.eclipse.jetty.server.AbstractHttpConnection.headerComplete(AbstractHttpConnection.java:942) [org.eclipse.jetty.server_8.1.10.v20130312.jar:8.1.10.v20130312]
	at org.eclipse.jetty.server.AbstractHttpConnection$RequestHandler.headerComplete(AbstractHttpConnection.java:1004) [org.eclipse.jetty.server_8.1.10.v20130312.jar:8.1.10.v20130312]
	at org.eclipse.jetty.http.HttpParser.parseNext(HttpParser.java:640) [org.eclipse.jetty.http_8.1.10.v20130312.jar:8.1.10.v20130312]
	at org.eclipse.jetty.http.HttpParser.parseAvailable(HttpParser.java:235) [org.eclipse.jetty.http_8.1.10.v20130312.jar:8.1.10.v20130312]
	at org.eclipse.jetty.server.AsyncHttpConnection.handle(AsyncHttpConnection.java:82) [org.eclipse.jetty.server_8.1.10.v20130312.jar:8.1.10.v20130312]
	at org.eclipse.jetty.io.nio.SelectChannelEndPoint.handle(SelectChannelEndPoint.java:628) [org.eclipse.jetty.io_8.1.10.v20130312.jar:8.1.10.v20130312]
	at org.eclipse.jetty.io.nio.SelectChannelEndPoint$1.run(SelectChannelEndPoint.java:52) [org.eclipse.jetty.io_8.1.10.v20130312.jar:8.1.10.v20130312]
	at org.eclipse.jetty.util.thread.QueuedThreadPool.runJob(QueuedThreadPool.java:608) [org.eclipse.jetty.util_8.1.10.v20130312.jar:8.1.10.v20130312]
	at org.eclipse.jetty.util.thread.QueuedThreadPool$3.run(QueuedThreadPool.java:543) [org.eclipse.jetty.util_8.1.10.v20130312.jar:8.1.10.v20130312]
	at java.lang.Thread.run(Unknown Source) [na:1.6.0_45]
2013-09-08 01:00:11,513 [qtp1787615472-46] WARN  o.e.jetty.servlet.ServletHandler - /preview/Apps/js/MockRadio.js
org.eclipse.core.runtime.AssertionFailedException: null argument:
	at org.eclipse.core.runtime.Assert.isNotNull(Assert.java:85) ~[org.eclipse.equinox.common_3.6.200.v20130402-1505.jar:na]
	at org.eclipse.core.runtime.Assert.isNotNull(Assert.java:73) ~[org.eclipse.equinox.common_3.6.200.v20130402-1505.jar:na]
	at org.eclipse.core.expressions.EvaluationContext.<init>(EvaluationContext.java:46) ~[na:na]
	at org.symbian.tools.tmw.core.internal.projects.ProjectProvider.isSupportedProject(Unknown Source) ~[na:na]
	at org.symbian.tools.tmw.core.internal.projects.ProjectsSupportManager.create(Unknown Source) ~[na:na]
	at org.symbian.tools.tmw.core.TMWCore.create(Unknown Source) ~[na:na]
	at org.symbian.tools.tmw.previewer.http.handlers.WorkspaceResourceProvider.getResourceStream(Unknown Source) ~[na:na]
	at org.symbian.tools.tmw.previewer.http.handlers.Providers.get(Unknown Source) ~[na:na]
	at org.symbian.tools.tmw.previewer.http.WorkspaceResourcesServlet.doGet(Unknown Source) ~[na:na]
	at javax.servlet.http.HttpServlet.service(HttpServlet.java:735) ~[javax.servlet_3.0.0.v201112011016.jar:na]
	at javax.servlet.http.HttpServlet.service(HttpServlet.java:848) ~[javax.servlet_3.0.0.v201112011016.jar:na]
	at org.eclipse.equinox.http.servlet.internal.ServletRegistration.service(ServletRegistration.java:61) ~[na:na]
	at org.eclipse.equinox.http.servlet.internal.ProxyServlet.processAlias(ProxyServlet.java:128) ~[na:na]
	at org.eclipse.equinox.http.servlet.internal.ProxyServlet.service(ProxyServlet.java:68) ~[na:na]
	at javax.servlet.http.HttpServlet.service(HttpServlet.java:848) ~[javax.servlet_3.0.0.v201112011016.jar:na]
	at org.eclipse.equinox.http.jetty.internal.HttpServerManager$InternalHttpServiceServlet.service(HttpServerManager.java:386) ~[org.eclipse.equinox.http.jetty_3.0.100.v20130327-1442.jar:na]
	at org.eclipse.jetty.servlet.ServletHolder.handle(ServletHolder.java:669) ~[org.eclipse.jetty.servlet_8.1.10.v20130312.jar:8.1.10.v20130312]
	at org.eclipse.jetty.servlet.ServletHandler.doHandle(ServletHandler.java:457) [org.eclipse.jetty.servlet_8.1.10.v20130312.jar:8.1.10.v20130312]
	at org.eclipse.jetty.server.session.SessionHandler.doHandle(SessionHandler.java:229) [org.eclipse.jetty.server_8.1.10.v20130312.jar:8.1.10.v20130312]
	at org.eclipse.jetty.server.handler.ContextHandler.doHandle(ContextHandler.java:1075) [org.eclipse.jetty.server_8.1.10.v20130312.jar:8.1.10.v20130312]
	at org.eclipse.jetty.servlet.ServletHandler.doScope(ServletHandler.java:384) [org.eclipse.jetty.servlet_8.1.10.v20130312.jar:8.1.10.v20130312]
	at org.eclipse.jetty.server.session.SessionHandler.doScope(SessionHandler.java:193) [org.eclipse.jetty.server_8.1.10.v20130312.jar:8.1.10.v20130312]
	at org.eclipse.jetty.server.handler.ContextHandler.doScope(ContextHandler.java:1009) [org.eclipse.jetty.server_8.1.10.v20130312.jar:8.1.10.v20130312]
	at org.eclipse.jetty.server.handler.ScopedHandler.handle(ScopedHandler.java:135) [org.eclipse.jetty.server_8.1.10.v20130312.jar:8.1.10.v20130312]
	at org.eclipse.jetty.server.handler.HandlerWrapper.handle(HandlerWrapper.java:116) [org.eclipse.jetty.server_8.1.10.v20130312.jar:8.1.10.v20130312]
	at org.eclipse.jetty.server.Server.handle(Server.java:368) [org.eclipse.jetty.server_8.1.10.v20130312.jar:8.1.10.v20130312]
	at org.eclipse.jetty.server.AbstractHttpConnection.handleRequest(AbstractHttpConnection.java:489) [org.eclipse.jetty.server_8.1.10.v20130312.jar:8.1.10.v20130312]
	at org.eclipse.jetty.server.AbstractHttpConnection.headerComplete(AbstractHttpConnection.java:942) [org.eclipse.jetty.server_8.1.10.v20130312.jar:8.1.10.v20130312]
	at org.eclipse.jetty.server.AbstractHttpConnection$RequestHandler.headerComplete(AbstractHttpConnection.java:1004) [org.eclipse.jetty.server_8.1.10.v20130312.jar:8.1.10.v20130312]
	at org.eclipse.jetty.http.HttpParser.parseNext(HttpParser.java:640) [org.eclipse.jetty.http_8.1.10.v20130312.jar:8.1.10.v20130312]
	at org.eclipse.jetty.http.HttpParser.parseAvailable(HttpParser.java:235) [org.eclipse.jetty.http_8.1.10.v20130312.jar:8.1.10.v20130312]
	at org.eclipse.jetty.server.AsyncHttpConnection.handle(AsyncHttpConnection.java:82) [org.eclipse.jetty.server_8.1.10.v20130312.jar:8.1.10.v20130312]
	at org.eclipse.jetty.io.nio.SelectChannelEndPoint.handle(SelectChannelEndPoint.java:628) [org.eclipse.jetty.io_8.1.10.v20130312.jar:8.1.10.v20130312]
	at org.eclipse.jetty.io.nio.SelectChannelEndPoint$1.run(SelectChannelEndPoint.java:52) [org.eclipse.jetty.io_8.1.10.v20130312.jar:8.1.10.v20130312]
	at org.eclipse.jetty.util.thread.QueuedThreadPool.runJob(QueuedThreadPool.java:608) [org.eclipse.jetty.util_8.1.10.v20130312.jar:8.1.10.v20130312]
	at org.eclipse.jetty.util.thread.QueuedThreadPool$3.run(QueuedThreadPool.java:543) [org.eclipse.jetty.util_8.1.10.v20130312.jar:8.1.10.v20130312]
	at java.lang.Thread.run(Unknown Source) [na:1.6.0_45]
2013-09-08 01:03:13,104 [main] INFO  o.e.j.server.handler.ContextHandler - stopped o.e.j.s.ServletContextHandler{/,null}
2013-09-08 01:03:38,469 [Worker-6] INFO  org.eclipse.jetty.server.Server - jetty-8.1.10.v20130312
2013-09-08 01:03:38,665 [Worker-6] INFO  o.e.jetty.server.AbstractConnector - Started SelectChannelConnector@0.0.0.0:37301
2013-09-08 01:03:47,319 [qtp1091547140-50] WARN  o.e.jetty.servlet.ServletHandler - /preview/Apps/js/MockRadio.js
org.eclipse.core.runtime.AssertionFailedException: null argument:
	at org.eclipse.core.runtime.Assert.isNotNull(Assert.java:85) ~[org.eclipse.equinox.common_3.6.200.v20130402-1505.jar:na]
	at org.eclipse.core.runtime.Assert.isNotNull(Assert.java:73) ~[org.eclipse.equinox.common_3.6.200.v20130402-1505.jar:na]
	at org.eclipse.core.expressions.EvaluationContext.<init>(EvaluationContext.java:46) ~[na:na]
	at org.symbian.tools.tmw.core.internal.projects.ProjectProvider.isSupportedProject(Unknown Source) ~[na:na]
	at org.symbian.tools.tmw.core.internal.projects.ProjectsSupportManager.create(Unknown Source) ~[na:na]
	at org.symbian.tools.tmw.core.TMWCore.create(Unknown Source) ~[na:na]
	at org.symbian.tools.tmw.previewer.http.handlers.WorkspaceResourceProvider.getResourceStream(Unknown Source) ~[na:na]
	at org.symbian.tools.tmw.previewer.http.handlers.Providers.get(Unknown Source) ~[na:na]
	at org.symbian.tools.tmw.previewer.http.WorkspaceResourcesServlet.doGet(Unknown Source) ~[na:na]
	at javax.servlet.http.HttpServlet.service(HttpServlet.java:735) ~[javax.servlet_3.0.0.v201112011016.jar:na]
	at javax.servlet.http.HttpServlet.service(HttpServlet.java:848) ~[javax.servlet_3.0.0.v201112011016.jar:na]
	at org.eclipse.equinox.http.servlet.internal.ServletRegistration.service(ServletRegistration.java:61) ~[na:na]
	at org.eclipse.equinox.http.servlet.internal.ProxyServlet.processAlias(ProxyServlet.java:128) ~[na:na]
	at org.eclipse.equinox.http.servlet.internal.ProxyServlet.service(ProxyServlet.java:68) ~[na:na]
	at javax.servlet.http.HttpServlet.service(HttpServlet.java:848) ~[javax.servlet_3.0.0.v201112011016.jar:na]
	at org.eclipse.equinox.http.jetty.internal.HttpServerManager$InternalHttpServiceServlet.service(HttpServerManager.java:386) ~[org.eclipse.equinox.http.jetty_3.0.100.v20130327-1442.jar:na]
	at org.eclipse.jetty.servlet.ServletHolder.handle(ServletHolder.java:669) ~[org.eclipse.jetty.servlet_8.1.10.v20130312.jar:8.1.10.v20130312]
	at org.eclipse.jetty.servlet.ServletHandler.doHandle(ServletHandler.java:457) [org.eclipse.jetty.servlet_8.1.10.v20130312.jar:8.1.10.v20130312]
	at org.eclipse.jetty.server.session.SessionHandler.doHandle(SessionHandler.java:229) [org.eclipse.jetty.server_8.1.10.v20130312.jar:8.1.10.v20130312]
	at org.eclipse.jetty.server.handler.ContextHandler.doHandle(ContextHandler.java:1075) [org.eclipse.jetty.server_8.1.10.v20130312.jar:8.1.10.v20130312]
	at org.eclipse.jetty.servlet.ServletHandler.doScope(ServletHandler.java:384) [org.eclipse.jetty.servlet_8.1.10.v20130312.jar:8.1.10.v20130312]
	at org.eclipse.jetty.server.session.SessionHandler.doScope(SessionHandler.java:193) [org.eclipse.jetty.server_8.1.10.v20130312.jar:8.1.10.v20130312]
	at org.eclipse.jetty.server.handler.ContextHandler.doScope(ContextHandler.java:1009) [org.eclipse.jetty.server_8.1.10.v20130312.jar:8.1.10.v20130312]
	at org.eclipse.jetty.server.handler.ScopedHandler.handle(ScopedHandler.java:135) [org.eclipse.jetty.server_8.1.10.v20130312.jar:8.1.10.v20130312]
	at org.eclipse.jetty.server.handler.HandlerWrapper.handle(HandlerWrapper.java:116) [org.eclipse.jetty.server_8.1.10.v20130312.jar:8.1.10.v20130312]
	at org.eclipse.jetty.server.Server.handle(Server.java:368) [org.eclipse.jetty.server_8.1.10.v20130312.jar:8.1.10.v20130312]
	at org.eclipse.jetty.server.AbstractHttpConnection.handleRequest(AbstractHttpConnection.java:489) [org.eclipse.jetty.server_8.1.10.v20130312.jar:8.1.10.v20130312]
	at org.eclipse.jetty.server.AbstractHttpConnection.headerComplete(AbstractHttpConnection.java:942) [org.eclipse.jetty.server_8.1.10.v20130312.jar:8.1.10.v20130312]
	at org.eclipse.jetty.server.AbstractHttpConnection$RequestHandler.headerComplete(AbstractHttpConnection.java:1004) [org.eclipse.jetty.server_8.1.10.v20130312.jar:8.1.10.v20130312]
	at org.eclipse.jetty.http.HttpParser.parseNext(HttpParser.java:640) [org.eclipse.jetty.http_8.1.10.v20130312.jar:8.1.10.v20130312]
	at org.eclipse.jetty.http.HttpParser.parseAvailable(HttpParser.java:235) [org.eclipse.jetty.http_8.1.10.v20130312.jar:8.1.10.v20130312]
	at org.eclipse.jetty.server.AsyncHttpConnection.handle(AsyncHttpConnection.java:82) [org.eclipse.jetty.server_8.1.10.v20130312.jar:8.1.10.v20130312]
	at org.eclipse.jetty.io.nio.SelectChannelEndPoint.handle(SelectChannelEndPoint.java:628) [org.eclipse.jetty.io_8.1.10.v20130312.jar:8.1.10.v20130312]
	at org.eclipse.jetty.io.nio.SelectChannelEndPoint$1.run(SelectChannelEndPoint.java:52) [org.eclipse.jetty.io_8.1.10.v20130312.jar:8.1.10.v20130312]
	at org.eclipse.jetty.util.thread.QueuedThreadPool.runJob(QueuedThreadPool.java:608) [org.eclipse.jetty.util_8.1.10.v20130312.jar:8.1.10.v20130312]
	at org.eclipse.jetty.util.thread.QueuedThreadPool$3.run(QueuedThreadPool.java:543) [org.eclipse.jetty.util_8.1.10.v20130312.jar:8.1.10.v20130312]
	at java.lang.Thread.run(Unknown Source) [na:1.6.0_45]
